info: ::1 - - [21/Nov/2023:01:18:47 +0000] "GET /api/interviews HTTP/1.1" 500 191 "-" "PostmanRuntime/7.35.0" {"timestamp":"20/Nov/2023:21:18:47 -0400"}
info: ::1 - - [21/Nov/2023:01:20:22 +0000] "GET /api/interviews HTTP/1.1" 500 233 "-" "PostmanRuntime/7.35.0" {"timestamp":"20/Nov/2023:21:20:22 -0400"}
info: ::1 - - [21/Nov/2023:01:21:12 +0000] "GET /api/interviews HTTP/1.1" 500 273 "-" "PostmanRuntime/7.35.0" {"timestamp":"20/Nov/2023:21:21:12 -0400"}
info: ::1 - - [21/Nov/2023:01:21:54 +0000] "GET /api/interviews HTTP/1.1" 500 165 "-" "PostmanRuntime/7.35.0" {"timestamp":"20/Nov/2023:21:21:54 -0400"}
info: ::1 - - [21/Nov/2023:01:22:50 +0000] "GET /api/interviews HTTP/1.1" 500 165 "-" "PostmanRuntime/7.35.0" {"timestamp":"20/Nov/2023:21:22:50 -0400"}
info: ::1 - - [21/Nov/2023:01:24:06 +0000] "GET /api/interviews HTTP/1.1" 500 165 "-" "PostmanRuntime/7.35.0" {"timestamp":"20/Nov/2023:21:24:06 -0400"}
info: ::1 - - [21/Nov/2023:01:24:16 +0000] "GET /api/interviews HTTP/1.1" 500 165 "-" "PostmanRuntime/7.35.0" {"timestamp":"20/Nov/2023:21:24:16 -0400"}
info: ::1 - - [21/Nov/2023:01:24:24 +0000] "GET /api/interviews HTTP/1.1" 500 165 "-" "PostmanRuntime/7.35.0" {"timestamp":"20/Nov/2023:21:24:24 -0400"}
info: ::1 - - [21/Nov/2023:01:25:09 +0000] "GET /api/interviews HTTP/1.1" 500 165 "-" "PostmanRuntime/7.35.0" {"timestamp":"20/Nov/2023:21:25:09 -0400"}
debug: InterviewController: Getting interviews {"timestamp":"20/Nov/2023:21:25:35 -0400"}
info: ::1 - - [21/Nov/2023:01:25:48 +0000] "GET /api/interviews HTTP/1.1" - - "-" "PostmanRuntime/7.35.0" {"timestamp":"20/Nov/2023:21:25:48 -0400"}
debug: InterviewController: Getting interviews {"timestamp":"20/Nov/2023:21:27:29 -0400"}
info: ::1 - - [21/Nov/2023:01:27:29 +0000] "GET /api/interviews HTTP/1.1" 200 18 "-" "PostmanRuntime/7.35.0" {"timestamp":"20/Nov/2023:21:27:29 -0400"}
debug: InterviewController: Getting interviews {"timestamp":"20/Nov/2023:21:29:05 -0400"}
info: ::1 - - [21/Nov/2023:01:29:05 +0000] "GET /api/interviews HTTP/1.1" 200 18 "-" "PostmanRuntime/7.35.0" {"timestamp":"20/Nov/2023:21:29:05 -0400"}
debug: InterviewController: Getting interviews {"timestamp":"20/Nov/2023:21:39:31 -0400"}
debug: InterviewService: Trying to get interviews {"timestamp":"20/Nov/2023:21:39:31 -0400"}
error: InterviewController: Error while getting interviews {"timestamp":"20/Nov/2023:21:39:31 -0400"}
info: ::1 - - [21/Nov/2023:01:39:31 +0000] "GET /api/interviews HTTP/1.1" 404 55 "-" "PostmanRuntime/7.35.0" {"timestamp":"20/Nov/2023:21:39:31 -0400"}
debug: InterviewController: Getting interviews {"timestamp":"20/Nov/2023:21:39:57 -0400"}
debug: InterviewService: Trying to get interviews {"timestamp":"20/Nov/2023:21:39:57 -0400"}
info: InterviewController: Gotten interviews {"timestamp":"20/Nov/2023:21:39:57 -0400"}
info: ::1 - - [21/Nov/2023:01:39:57 +0000] "GET /api/interviews HTTP/1.1" 200 2 "-" "PostmanRuntime/7.35.0" {"timestamp":"20/Nov/2023:21:39:57 -0400"}
debug: InterviewController: Getting interviews {"timestamp":"20/Nov/2023:21:40:12 -0400"}
debug: InterviewService: Trying to get interviews {"timestamp":"20/Nov/2023:21:40:12 -0400"}
info: InterviewController: Gotten interviews {"timestamp":"20/Nov/2023:21:40:12 -0400"}
info: ::1 - - [21/Nov/2023:01:40:12 +0000] "GET /api/interviews HTTP/1.1" 200 2 "-" "PostmanRuntime/7.35.0" {"timestamp":"20/Nov/2023:21:40:12 -0400"}
info: ::1 - - [21/Nov/2023:03:02:04 +0000] "POST /api/interviews HTTP/1.1" 500 245 "-" "PostmanRuntime/7.35.0" {"timestamp":"20/Nov/2023:23:02:04 -0400"}
debug: InterviewController: Creating interview {"timestamp":"20/Nov/2023:23:02:50 -0400"}
debug: InterviewService: Trying to create an interview {"timestamp":"20/Nov/2023:23:02:50 -0400"}
info: InterviewController: Interview created {"timestamp":"20/Nov/2023:23:02:50 -0400"}
info: ::1 - - [21/Nov/2023:03:02:50 +0000] "POST /api/interviews HTTP/1.1" 200 177 "-" "PostmanRuntime/7.35.0" {"timestamp":"20/Nov/2023:23:02:50 -0400"}
info: ::1 - - [21/Nov/2023:03:05:57 +0000] "GET /api/interviews/0bfff88b-3ace-4c93-acd9-0d8b8d9f9276 HTTP/1.1" 500 191 "-" "PostmanRuntime/7.35.0" {"timestamp":"20/Nov/2023:23:05:57 -0400"}
debug: InterviewController: Getting interview with id: 0bfff88b-3ace-4c93-acd9-0d8b8d9f9276 {"timestamp":"20/Nov/2023:23:06:12 -0400"}
debug: InterviewService: Trying to get interview form with id: 0bfff88b-3ace-4c93-acd9-0d8b8d9f9276 {"timestamp":"20/Nov/2023:23:06:12 -0400"}
debug: InterviewController: Getting interview with id: 0bfff88b-3ace-4c93-acd9-0d8b8d9f9276 {"timestamp":"20/Nov/2023:23:08:54 -0400"}
debug: InterviewController: Getting interview with id: 0bfff88b-3ace-4c93-acd9-0d8b8d9f9276 {"timestamp":"20/Nov/2023:23:09:10 -0400"}
debug: InterviewService: Trying to get interview form with id: 0bfff88b-3ace-4c93-acd9-0d8b8d9f9276 {"timestamp":"20/Nov/2023:23:09:10 -0400"}
debug: InterviewRepositoryImpl: Getting Interview by ID {"timestamp":"20/Nov/2023:23:09:10 -0400"}
info: InterviewController: Gotten interview with id: 0bfff88b-3ace-4c93-acd9-0d8b8d9f9276 {"timestamp":"20/Nov/2023:23:09:10 -0400"}
info: ::1 - - [21/Nov/2023:03:09:10 +0000] "GET /api/interviews/0bfff88b-3ace-4c93-acd9-0d8b8d9f9276 HTTP/1.1" 200 116 "-" "PostmanRuntime/7.35.0" {"timestamp":"20/Nov/2023:23:09:10 -0400"}
debug: InterviewController: Updaing interview {"timestamp":"20/Nov/2023:23:27:07 -0400"}
debug: InterviewService: Trying to updating interview with id: 0bfff88b-3ace-4c93-acd9-0d8b8d9f9276 {"timestamp":"20/Nov/2023:23:27:07 -0400"}
info: InterviewController: Updated interview succesfully {"timestamp":"20/Nov/2023:23:27:07 -0400"}
info: ::1 - - [21/Nov/2023:03:27:07 +0000] "PUT /api/interviews/0bfff88b-3ace-4c93-acd9-0d8b8d9f9276 HTTP/1.1" 200 166 "-" "PostmanRuntime/7.35.0" {"timestamp":"20/Nov/2023:23:27:07 -0400"}
