error: Error al actualizar al usuario con ID: 6192542e-81a3-4557-9697-a62454f92a95. Error: QueryFailedError: ER_DUP_ENTRY: Duplicate entry 'luisAdfdy@gmail' for key 'user_entity.IDX_415c35b9b3b6fe45a3b065030f' {"timestamp":"20/Nov/2023:15:24:40 -0400"}
error: Error al actualizar al usuario con ID: 6192542e-81a3-4557-9697-a62454f92a95. Error: QueryFailedError: ER_DUP_ENTRY: Duplicate entry 'luisAdfdy@gmail' for key 'user_entity.IDX_415c35b9b3b6fe45a3b065030f' {"timestamp":"20/Nov/2023:15:24:59 -0400"}
error: Error al actualizar al usuario con ID: 6192542e-81a3-4557-9697-a62454f92a95. Error: QueryFailedError: ER_DUP_ENTRY: Duplicate entry 'luisAdfdy@gmail' for key 'user_entity.IDX_415c35b9b3b6fe45a3b065030f' {"timestamp":"20/Nov/2023:15:25:24 -0400"}
error: Error al actualizar al usuario con ID: 6192542e-81a3-4557-9697-a62454f92a95. Error: QueryFailedError: ER_DUP_ENTRY: Duplicate entry 'luisAdfdy@gmail' for key 'user_entity.IDX_415c35b9b3b6fe45a3b065030f' {"timestamp":"20/Nov/2023:15:26:32 -0400"}
error: Error al actualizar al usuario con ID: 6192542e-81a3-4557-9697-a62454f92a95. Error: QueryFailedError: ER_DUP_ENTRY: Duplicate entry 'luisAdfdy@gmail' for key 'user_entity.IDX_415c35b9b3b6fe45a3b065030f' {"timestamp":"20/Nov/2023:15:41:23 -0400"}
error: UserRepository: Error al modificar al usuario con ID: 4f936757-3634-4787-8fec-7cd580d1b574. {"timestamp":"20/Nov/2023:15:41:39 -0400"}
error: Error al actualizar al usuario con ID: 4f936757-3634-4787-8fec-7cd580d1b574. Error: Error: Usuario no encontrado {"timestamp":"20/Nov/2023:15:41:39 -0400"}
error: UserRepository: Error al modificar al usuario con ID: 4f936757-3634-4787-8fec-7cd580d1b574. {"timestamp":"20/Nov/2023:15:42:15 -0400"}
error: Error al actualizar al usuario con ID: 4f936757-3634-4787-8fec-7cd580d1b574. Error: Error: Usuario no encontrado {"timestamp":"20/Nov/2023:15:42:15 -0400"}
error: Error al actualizar al usuario con ID: 6192542e-81a3-4557-9697-a62454f92a95. Error: QueryFailedError: ER_DUP_ENTRY: Duplicate entry 'luisAdfdy@gmail' for key 'user_entity.IDX_415c35b9b3b6fe45a3b065030f' {"timestamp":"20/Nov/2023:15:57:31 -0400"}
error: UserRepository: Error al modificar al usuario con ID: 3. {"timestamp":"20/Nov/2023:15:58:55 -0400"}
error: Error al actualizar al usuario con ID: 3. Error: Error: Usuario no encontrado {"timestamp":"20/Nov/2023:15:58:55 -0400"}
error: Error al actualizar al usuario con ID: 6192542e-81a3-4557-9697-a62454f92a95. Error: QueryFailedError: ER_DUP_ENTRY: Duplicate entry 'luisAdfdy@gmail' for key 'user_entity.IDX_415c35b9b3b6fe45a3b065030f' {"timestamp":"20/Nov/2023:16:01:01 -0400"}
error: Error al actualizar al usuario con ID: 6192542e-81a3-4557-9697-a62454f92a95. Error: QueryFailedError: ER_DUP_ENTRY: Duplicate entry 'luisAdfdy@gmail' for key 'user_entity.IDX_415c35b9b3b6fe45a3b065030f' {"timestamp":"20/Nov/2023:16:15:31 -0400"}
error: UserRepository: Error al modificar al usuario con ID: 6192542e-81a3-4557-9697-a62454f92a95. {"timestamp":"20/Nov/2023:21:09:45 -0400"}
error: Error al actualizar al usuario con ID: 6192542e-81a3-4557-9697-a62454f92a95. Error: Error: Usuario no encontrado {"timestamp":"20/Nov/2023:21:09:45 -0400"}
error: UserRepository: Error al modificar al usuario con ID: 3. {"timestamp":"20/Nov/2023:21:26:58 -0400"}
error: Error al actualizar al usuario con ID: 3. Error: Error: Usuario no encontrado {"timestamp":"20/Nov/2023:21:26:58 -0400"}
error: UserRepository: Error al modificar al usuario con ID: 3. {"timestamp":"20/Nov/2023:21:27:21 -0400"}
error: Error al actualizar al usuario con ID: 3. Error: Error: Usuario no encontrado {"timestamp":"20/Nov/2023:21:27:21 -0400"}
error: UserRepository: Error al modificar al usuario con ID: 3. {"timestamp":"20/Nov/2023:21:30:03 -0400"}
error: Error al actualizar al usuario con ID: 3. Error: Error: Usuario no encontrado {"timestamp":"20/Nov/2023:21:30:03 -0400"}
error: UserRepository: Error al modificar al usuario con ID: 3. {"timestamp":"20/Nov/2023:21:30:38 -0400"}
error: Error al actualizar al usuario con ID: 3. Error: Error: Usuario no encontrado {"timestamp":"20/Nov/2023:21:30:38 -0400"}
error: UserRepository: Error al modificar al usuario con ID: 3. {"timestamp":"20/Nov/2023:21:30:47 -0400"}
error: Error al actualizar al usuario con ID: 3. Error: Error: Usuario no encontrado {"timestamp":"20/Nov/2023:21:30:47 -0400"}
error: La contraseña es incorrecta : 4651ds5dsf {"timestamp":"20/Nov/2023:22:19:34 -0400"}
error: La contraseña es incorrecta : 4651ds5dsf {"timestamp":"20/Nov/2023:22:20:01 -0400"}
error: El usuario con el email: Jose@gmailcom no existe {"timestamp":"20/Nov/2023:22:21:02 -0400"}
error: La contraseña es incorrecta : $2b$10$jS2EOGBzBlvHxJvSp9PLLOCisxT5UF6culOBrZw45XT8Fi2zcjety {"timestamp":"20/Nov/2023:22:22:27 -0400"}
error: La contraseña es incorrecta : njdsfnss {"timestamp":"20/Nov/2023:22:23:49 -0400"}
error: La contraseña es incorrecta : $2b$10$jS2EOGBzBlvHxJvSp9PLLOCisxT5UF6culOBrZw45XT8Fi2zcjety {"timestamp":"20/Nov/2023:22:44:13 -0400"}
error: UserController: Bad data was send {"timestamp":"21/Nov/2023:01:00:19 -0400"}
error: UserController: Bad data was send {"timestamp":"21/Nov/2023:01:01:13 -0400"}
error: UserController: Bad data was send {"timestamp":"21/Nov/2023:01:03:36 -0400"}
error: UserController: Bad data was send {"timestamp":"21/Nov/2023:01:04:29 -0400"}
